 [2021-02-19 12:40:37.653 Info] Starting firmware update
 [2021-02-19 12:40:37.654 Info] Specified firmware file: C:\projects\st\openblt\Target\Demo\ARMCM4_STM32F4_Discovery_STM32F407_CubeIDE\Prog\Debug\demoprog_discovery_stm32f407.srec
 [2021-02-19 12:40:37.655 Info] Using LibOpenBLT version 1.03.05
 [2021-02-19 12:40:37.655 Info] Detected session protocol: XCP version 1.0
 [2021-02-19 12:40:37.655 Info] Using session protocol settings:
 [2021-02-19 12:40:37.656 Info]   -> Timeout T1: 1000 ms
 [2021-02-19 12:40:37.656 Info]   -> Timeout T3: 2000 ms
 [2021-02-19 12:40:37.657 Info]   -> Timeout T4: 10000 ms
 [2021-02-19 12:40:37.657 Info]   -> Timeout T5: 1000 ms
 [2021-02-19 12:40:37.657 Info]   -> Timeout T6: 50 ms
 [2021-02-19 12:40:37.658 Info]   -> Timeout T7: 2000 ms
 [2021-02-19 12:40:37.658 Info]   -> Seed/Key file: libseednkey.dll
 [2021-02-19 12:40:37.658 Info]   -> Connection mode: 0
 [2021-02-19 12:40:37.658 Info] Detected transport layer: XCP on RS232
 [2021-02-19 12:40:37.658 Info] Using transport layer settings:
 [2021-02-19 12:40:37.658 Info]   -> Device: COM6
 [2021-02-19 12:40:37.658 Info]   -> Baudrate: 57600 bit/sec
 [2021-02-19 12:40:37.659 Info] Initializing firmware update engine
 [2021-02-19 12:40:37.678 Info] Loading firmware data from file
 [2021-02-19 12:40:37.683 Info]   -> Number of segments: 1
 [2021-02-19 12:40:37.683 Info]   -> Base memory address: 08008000h
 [2021-02-19 12:40:37.683 Info]   -> Total data size: 6048
 [2021-02-19 12:40:37.683 Info] Connecting to the target
 [2021-02-19 12:40:37.865 Info] Erasing 6048 bytes starting at 08008000h
 [2021-02-19 12:40:38.105 Info] Programming 256 bytes starting at 08008000h
 [2021-02-19 12:40:38.201 Info] Programming 256 bytes starting at 08008100h
 [2021-02-19 12:40:38.296 Info] Programming 256 bytes starting at 08008200h
 [2021-02-19 12:40:38.392 Info] Programming 256 bytes starting at 08008300h
 [2021-02-19 12:40:38.488 Info] Programming 256 bytes starting at 08008400h
 [2021-02-19 12:40:38.584 Info] Programming 256 bytes starting at 08008500h
 [2021-02-19 12:40:38.680 Info] Programming 256 bytes starting at 08008600h
 [2021-02-19 12:40:38.776 Info] Programming 256 bytes starting at 08008700h
 [2021-02-19 12:40:38.872 Info] Programming 256 bytes starting at 08008800h
 [2021-02-19 12:40:38.967 Info] Programming 256 bytes starting at 08008900h
 [2021-02-19 12:40:39.063 Info] Programming 256 bytes starting at 08008A00h
 [2021-02-19 12:40:39.160 Info] Programming 256 bytes starting at 08008B00h
 [2021-02-19 12:40:39.256 Info] Programming 256 bytes starting at 08008C00h
 [2021-02-19 12:40:39.352 Info] Programming 256 bytes starting at 08008D00h
 [2021-02-19 12:40:39.448 Info] Programming 256 bytes starting at 08008E00h
 [2021-02-19 12:40:39.543 Info] Programming 256 bytes starting at 08008F00h
 [2021-02-19 12:40:39.639 Info] Programming 256 bytes starting at 08009000h
 [2021-02-19 12:40:39.735 Info] Programming 256 bytes starting at 08009100h
 [2021-02-19 12:40:39.831 Info] Programming 256 bytes starting at 08009200h
 [2021-02-19 12:40:39.927 Info] Programming 256 bytes starting at 08009300h
 [2021-02-19 12:40:40.023 Info] Programming 256 bytes starting at 08009400h
 [2021-02-19 12:40:40.119 Info] Programming 256 bytes starting at 08009500h
 [2021-02-19 12:40:40.215 Info] Programming 256 bytes starting at 08009600h
 [2021-02-19 12:40:40.311 Info] Programming 160 bytes starting at 08009700h
 [2021-02-19 12:40:40.375 Info] Finishing programming session
 [2021-02-19 12:40:41.589 Info] Firmware update completed successfully
